-_-_-_-_-_-_-_-_-_-_-_-_-_-_-_-_-_-_-_-_-_-_-_-_-_-_-_-_-_-_-_-
Mon 1 Aug 15:01:01 CEST 2016

Sauvegarde SQL
-_-_-_-_-_-_-_-_-_-_-_-_-_-_-_-_-_-_-_-_-_-_-_-_-_-_-_-_-_-_-_-
Sauvegarde SQL Week-End (Sauvegarde Full de chaque base) :

L'hôte backup.rootkit-lab.org est joinable
Lancement du transfert vers backup.rootkit-lab.org

Transfert en cour vers "backup.rootkit-lab.org"
Le transfert a duré 0m0.336s
Transfert terminé
Suppression du fichier local (C9Login_export_*.tar.gz)
Fichier local (C9Login_export_*.tar.gz) supprimé

L'hôte backup.rootkit-lab.org est joinable
Lancement du transfert vers backup.rootkit-lab.org

Transfert en cour vers "backup.rootkit-lab.org"
Le transfert a duré 0m0.332s
Transfert terminé
Suppression du fichier local (kanboard_export_*.tar.gz)
Fichier local (kanboard_export_*.tar.gz) supprimé

L'hôte backup.rootkit-lab.org est joinable
Lancement du transfert vers backup.rootkit-lab.org

Transfert en cour vers "backup.rootkit-lab.org"
Le transfert a duré 0m0.342s
Transfert terminé
Suppression du fichier local (mysql_export_*.tar.gz)
Fichier local (mysql_export_*.tar.gz) supprimé

Fin du script /bin/Sql-Save

-_-_-_-_-_-_-_-_-_-_-_-_-_-_-_-_-_-_-_-_-_-_-_-_-_-_-_-_-_-_-_-
Mon 1 Aug 15:02:02 CEST 2016

Sauvegarde Mensuel (sauvegarde Full) :
Les Répertoires sauvegardés sont :
'/home/' -> Ok pour Sauvegarde
'/var/backups/' -> Ok pour Sauvegarde
'/var/www/' -> Ok pour Sauvegarde
'/var/log/' -> Ok pour Sauvegarde
'/etc/apache2/' -> Ok pour Sauvegarde
Eligibilité des dossiers terminée avec succes ! 

-------------Calcul de Volumetrie-------------
 Il y a un total de 1.1 Go à sauvegarder

Sauvegarde en cour
La sauvegarde a duree 0m0.004s
Sauvegarde terminé

L'hôte backup.rootkit-lab.org est joignable
Lancement du transfert vers backup.rootkit-lab.org

Transfert en cours vers "backup.rootkit-lab.org"
Le transfert a duré 0m0.333s
Transfert terminé
Suppression du fichier local (Full_Backup_August.tar.gz)
Fichier local (Full_Backup_August.tar.gz) supprimé

Fin du script /bin/Data-Save
-_-_-_-_-_-_-_-_-_-_-_-_-_-_-_-_-_-_-_-_-_-_-_-_-_-_-_-_-_-_-_-
Tue 2 Aug 06:00:01 CEST 2016

Fanion "Pas de Sauvegarde Journaliere" détecté

Fin du script /home/backup/Data_Save.sh

-_-_-_-_-_-_-_-_-_-_-_-_-_-_-_-_-_-_-_-_-_-_-_-_-_-_-_-_-_-_-_-
Wed 3 Aug 06:00:01 CEST 2016

Fanion "Pas de Sauvegarde Journaliere" détecté

Fin du script /home/backup/Data_Save.sh

-_-_-_-_-_-_-_-_-_-_-_-_-_-_-_-_-_-_-_-_-_-_-_-_-_-_-_-_-_-_-_-
Thu 4 Aug 06:00:01 CEST 2016

Fanion "Pas de Sauvegarde Journaliere" détecté

Fin du script /home/backup/Data_Save.sh

-_-_-_-_-_-_-_-_-_-_-_-_-_-_-_-_-_-_-_-_-_-_-_-_-_-_-_-_-_-_-_-
Mon 8 Aug 06:00:01 CEST 2016

Sauvegarde Hebdomadaire (sauvegarde Full) :

Les Répertoires sauvegardés sont :
'/home/rootkit/' -> Ok pour Sauvegarde

Eligibilité des dossiers terminée avec succes !
-------------Calcul de Volumetrie-------------
 Il y a un total de 212 Mo à sauvegarder

Sauvegarde en cours
La sauvegarde a duree 0m0.004s
Sauvegarde terminé

Le CheckSum de "Full_Backup_August_Week_32.tar.gz" a sa création est : 3732438745 45

L'hôte backup.rootkit-lab.org est joignable
Lancement du transfert vers backup.rootkit-lab.org

Transfert de la sauvegarde en cours vers "backup.rootkit-lab.org"
Le transfert a duré 0m0.357s
Transfert terminé

Envoie d'une demande de CkSum de la part de "backup.rootkit-lab.org"
Demande envoyée

En attente du Cksum de l'hôte "backup.rootkit-lab.org"
Mon 8 Aug 06:00:07 CEST 2016
Reprise du script dans 3 min

Mon 8 Aug 06:03:07 CEST 2016
Reprise du script

Controle des CheckSums :

Controle des CheckSums en cours pour "Full_Backup_August_Week_32.tar.gz"
Les CheckSums de la sauvegarde Hebdomadaire du 08/08/2016 en Local et sur "backup.rootkit-lab.org" sont différents :
Local : 3732438745 45
Remote : 
Merci de relance manuellement la sauvegarde et de vérifier le nouveau CkSum Local (/home/backup/CkSum_Export/Hebdomadaire_2016_08_08_Local.cksum) avec l'ancien (/home/backup/CkSum_Export/Hebdomadaire_2016_08_08_Local-001.cksum)

Fin du script /home/backup/Data_Save.sh

-_-_-_-_-_-_-_-_-_-_-_-_-_-_-_-_-_-_-_-_-_-_-_-_-_-_-_-_-_-_-_-
Tue 9 Aug 06:00:01 CEST 2016

Sauvegarde Journaliere (sauvegarde Incrementiel => Hebdomadaire) :
Les Répertoires sauvegardés sont :
'/home/rootkit/' -> Ok pour Sauvegarde

Eligibilité des dossiers terminée avec succes !
-------------Calcul de Volumetrie-------------
 Il y a un total de 212 Mo à sauvegarder

Sauvegarde en cours
La sauvegarde a duree 0m0.004s
Sauvegarde terminé

Le CheckSum de "Incremental_Backup_August_Week_32_2016_08_09_06H00.tar.gz" a sa création est : 4270674891 45

L'hôte backup.rootkit-lab.org est joignable
Lancement du transfert vers backup.rootkit-lab.org

Transfert de la sauvegarde en cours vers "backup.rootkit-lab.org"
Le transfert a duré 0m0.393s
Transfert terminé

Envoie d'une demande de CkSum de la part de "backup.rootkit-lab.org"
Demande envoyée

En attente du Cksum de l'hôte "backup.rootkit-lab.org"
Tue 9 Aug 06:00:02 CEST 2016
Reprise du script dans 3 min

Tue 9 Aug 06:03:02 CEST 2016
Reprise du script

Controle des CheckSums :

Controle des CheckSums en cours pour "Incremental_Backup_August_Week_32_2016_08_09_06H00.tar.gz"
Les CheckSums de la sauvegarde Journaliere du 09/08/2016 en Local et sur "backup.rootkit-lab.org" sont différents :
Local : 4270674891 45
Remote : 
Merci de relance manuellement la sauvegarde et de vérifier le nouveau CkSum Local (/home/backup/CkSum_Export/Journaliere_2016_08_09_Local.cksum) avec l'ancien (/home/backup/CkSum_Export/Journaliere_2016_08_09_Local-001.cksum)

Fin du script /home/backup/Data_Save.sh

-_-_-_-_-_-_-_-_-_-_-_-_-_-_-_-_-_-_-_-_-_-_-_-_-_-_-_-_-_-_-_-
Wed 10 Aug 06:00:01 CEST 2016

Sauvegarde Journaliere (sauvegarde Incrementiel => Hebdomadaire) :
Les Répertoires sauvegardés sont :
'/home/rootkit/' -> Ok pour Sauvegarde

Eligibilité des dossiers terminée avec succes !
-------------Calcul de Volumetrie-------------
 Il y a un total de 212 Mo à sauvegarder

Sauvegarde en cours
La sauvegarde a duree 0m0.004s
Sauvegarde terminé

Le CheckSum de "Incremental_Backup_August_Week_32_2016_08_10_06H00.tar.gz" a sa création est : 2845756144 45

L'hôte backup.rootkit-lab.org est joignable
Lancement du transfert vers backup.rootkit-lab.org

Transfert de la sauvegarde en cours vers "backup.rootkit-lab.org"
Le transfert a duré 0m0.396s
Transfert terminé

Envoie d'une demande de CkSum de la part de "backup.rootkit-lab.org"
Demande envoyée

En attente du Cksum de l'hôte "backup.rootkit-lab.org"
Wed 10 Aug 06:00:02 CEST 2016
Reprise du script dans 3 min

Wed 10 Aug 06:03:02 CEST 2016
Reprise du script

Controle des CheckSums :

Controle des CheckSums en cours pour "Incremental_Backup_August_Week_32_2016_08_10_06H00.tar.gz"
Les CheckSums de la sauvegarde Journaliere du 10/08/2016 en Local et sur "backup.rootkit-lab.org" sont différents :
Local : 2845756144 45
Remote : 
Merci de relance manuellement la sauvegarde et de vérifier le nouveau CkSum Local (/home/backup/CkSum_Export/Journaliere_2016_08_10_Local.cksum) avec l'ancien (/home/backup/CkSum_Export/Journaliere_2016_08_10_Local-001.cksum)

Fin du script /home/backup/Data_Save.sh

-_-_-_-_-_-_-_-_-_-_-_-_-_-_-_-_-_-_-_-_-_-_-_-_-_-_-_-_-_-_-_-
Thu 11 Aug 06:00:01 CEST 2016

Sauvegarde Journaliere (sauvegarde Incrementiel => Hebdomadaire) :
Les Répertoires sauvegardés sont :
'/home/rootkit/' -> Ok pour Sauvegarde

Eligibilité des dossiers terminée avec succes !
-------------Calcul de Volumetrie-------------
 Il y a un total de 212 Mo à sauvegarder

Sauvegarde en cours
La sauvegarde a duree 0m0.004s
Sauvegarde terminé

Le CheckSum de "Incremental_Backup_August_Week_32_2016_08_11_06H00.tar.gz" a sa création est : 2181053971 45

L'hôte backup.rootkit-lab.org est joignable
Lancement du transfert vers backup.rootkit-lab.org

Transfert de la sauvegarde en cours vers "backup.rootkit-lab.org"
Le transfert a duré 0m0.408s
Transfert terminé

Envoie d'une demande de CkSum de la part de "backup.rootkit-lab.org"
Demande envoyée

En attente du Cksum de l'hôte "backup.rootkit-lab.org"
Thu 11 Aug 06:00:08 CEST 2016
Reprise du script dans 3 min

Thu 11 Aug 06:03:08 CEST 2016
Reprise du script

Controle des CheckSums :

Controle des CheckSums en cours pour "Incremental_Backup_August_Week_32_2016_08_11_06H00.tar.gz"
Les CheckSums de la sauvegarde Journaliere du 11/08/2016 en Local et sur "backup.rootkit-lab.org" sont différents :
Local : 2181053971 45
Remote : 
Merci de relance manuellement la sauvegarde et de vérifier le nouveau CkSum Local (/home/backup/CkSum_Export/Journaliere_2016_08_11_Local.cksum) avec l'ancien (/home/backup/CkSum_Export/Journaliere_2016_08_11_Local-001.cksum)

Fin du script /home/backup/Data_Save.sh

-_-_-_-_-_-_-_-_-_-_-_-_-_-_-_-_-_-_-_-_-_-_-_-_-_-_-_-_-_-_-_-
Fri 12 Aug 06:00:01 CEST 2016

Sauvegarde Journaliere (sauvegarde Incrementiel => Hebdomadaire) :
Les Répertoires sauvegardés sont :
'/home/rootkit/' -> Ok pour Sauvegarde

Eligibilité des dossiers terminée avec succes !
-------------Calcul de Volumetrie-------------
 Il y a un total de 212 Mo à sauvegarder

Sauvegarde en cours
La sauvegarde a duree 0m0.004s
Sauvegarde terminé

Le CheckSum de "Incremental_Backup_August_Week_32_2016_08_12_06H00.tar.gz" a sa création est : 268952641 45

L'hôte backup.rootkit-lab.org est joignable
Lancement du transfert vers backup.rootkit-lab.org

Transfert de la sauvegarde en cours vers "backup.rootkit-lab.org"
Le transfert a duré 0m0.388s
Transfert terminé

Envoie d'une demande de CkSum de la part de "backup.rootkit-lab.org"
Demande envoyée

En attente du Cksum de l'hôte "backup.rootkit-lab.org"
Fri 12 Aug 06:00:02 CEST 2016
Reprise du script dans 3 min

Fri 12 Aug 06:03:02 CEST 2016
Reprise du script

Controle des CheckSums :

Controle des CheckSums en cours pour "Incremental_Backup_August_Week_32_2016_08_12_06H00.tar.gz"
Les CheckSums de la sauvegarde Journaliere du 12/08/2016 en Local et sur "backup.rootkit-lab.org" sont différents :
Local : 268952641 45
Remote : 
Merci de relance manuellement la sauvegarde et de vérifier le nouveau CkSum Local (/home/backup/CkSum_Export/Journaliere_2016_08_12_Local.cksum) avec l'ancien (/home/backup/CkSum_Export/Journaliere_2016_08_12_Local-001.cksum)

Fin du script /home/backup/Data_Save.sh

-_-_-_-_-_-_-_-_-_-_-_-_-_-_-_-_-_-_-_-_-_-_-_-_-_-_-_-_-_-_-_-
Sat 13 Aug 06:00:01 CEST 2016

Sauvegarde Journaliere (sauvegarde Incrementiel => Hebdomadaire) :
Les Répertoires sauvegardés sont :
'/home/rootkit/' -> Ok pour Sauvegarde

Eligibilité des dossiers terminée avec succes !
-------------Calcul de Volumetrie-------------
 Il y a un total de 212 Mo à sauvegarder

Sauvegarde en cours
La sauvegarde a duree 0m0.004s
Sauvegarde terminé

Le CheckSum de "Incremental_Backup_August_Week_32_2016_08_13_06H00.tar.gz" a sa création est : 3879016527 45

L'hôte backup.rootkit-lab.org est joignable
Lancement du transfert vers backup.rootkit-lab.org

Transfert de la sauvegarde en cours vers "backup.rootkit-lab.org"
Le transfert a duré 0m0.369s
Transfert terminé

Envoie d'une demande de CkSum de la part de "backup.rootkit-lab.org"
Demande envoyée

En attente du Cksum de l'hôte "backup.rootkit-lab.org"
Sat 13 Aug 06:00:02 CEST 2016
Reprise du script dans 3 min

Sat 13 Aug 06:03:02 CEST 2016
Reprise du script

Controle des CheckSums :

Controle des CheckSums en cours pour "Incremental_Backup_August_Week_32_2016_08_13_06H00.tar.gz"
Les CheckSums de la sauvegarde Journaliere du 13/08/2016 en Local et sur "backup.rootkit-lab.org" sont différents :
Local : 3879016527 45
Remote : 
Merci de relance manuellement la sauvegarde et de vérifier le nouveau CkSum Local (/home/backup/CkSum_Export/Journaliere_2016_08_13_Local.cksum) avec l'ancien (/home/backup/CkSum_Export/Journaliere_2016_08_13_Local-001.cksum)

Fin du script /home/backup/Data_Save.sh

-_-_-_-_-_-_-_-_-_-_-_-_-_-_-_-_-_-_-_-_-_-_-_-_-_-_-_-_-_-_-_-
Sat 13 Aug 21:31:01 CEST 2016

Sauvegarde Week-End (sauvegarde Incrementiel => Mensuel) :
Les Répertoires sauvegardés sont :
'/home/' -> Ok pour Sauvegarde
'/var/backups/' -> Ok pour Sauvegarde
'/var/www/' -> Ok pour Sauvegarde
'/var/log/' -> Ok pour Sauvegarde
'/etc/apache2/' -> Ok pour Sauvegarde

Eligibilité des dossiers terminée avec succes !
-------------Calcul de Volumetrie-------------
 Il y a un total de 1.1 Go à sauvegarder

Sauvegarde en cours
La sauvegarde a duree 0m0.007s
Sauvegarde terminé

Le CheckSum de "Incremental_Backup_August_WeekEnd_32.tar.gz" a sa création est : 1967172650 45

L'hôte backup.rootkit-lab.org est joignable
Lancement du transfert vers backup.rootkit-lab.org

Transfert de la sauvegarde en cours vers "backup.rootkit-lab.org"
Le transfert a duré 0m0.392s
Transfert terminé

Envoie d'une demande de CkSum de la part de "backup.rootkit-lab.org"
Demande envoyée

En attente du Cksum de l'hôte "backup.rootkit-lab.org"
Sat 13 Aug 21:31:07 CEST 2016
Reprise du script dans 3 min

Sat 13 Aug 21:34:07 CEST 2016
Reprise du script

Controle des CheckSums :

Controle des CheckSums en cours pour "Incremental_Backup_August_WeekEnd_32.tar.gz"
Les CheckSums de la sauvegarde Week-End du 13/08/2016 en Local et sur "backup.rootkit-lab.org" sont différents :
Local : 1967172650 45
Remote : 
Merci de relance manuellement la sauvegarde et de vérifier le nouveau CkSum Local (/home/backup/CkSum_Export/Week-End_2016_08_13_Local.cksum) avec l'ancien (/home/backup/CkSum_Export/Week-End_2016_08_13_Local-001.cksum)

Fin du script /home/backup/Data_Save.sh

-_-_-_-_-_-_-_-_-_-_-_-_-_-_-_-_-_-_-_-_-_-_-_-_-_-_-_-_-_-_-_-
Sun 14 Aug 00:01:01 CEST 2016
Sauvegarde SQL
-_-_-_-_-_-_-_-_-_-_-_-_-_-_-_-_-_-_-_-_-_-_-_-_-_-_-_-_-_-_-_-
Sauvegarde SQL Week-End (Sauvegarde Full de chaque base) :

L'hôte backup.rootkit-lab.org est joignable
Lancement du transfert vers backup.rootkit-lab.org

Transfert de la sauvegarde en cours vers "backup.rootkit-lab.org"
Le transfert a duré 0m0.387s
Transfert terminé

Envoie d'une demande de CkSum de la part de "backup.rootkit-lab.org"
Demande envoyée

En attente du Cksum de l'hôte "backup.rootkit-lab.org"
Sun 14 Aug 00:01:02 CEST 2016
Reprise du script dans 3 min

Sun 14 Aug 00:04:02 CEST 2016
Reprise du script

Controle des CheckSums :

L'hôte backup.rootkit-lab.org est joignable
Lancement du transfert vers backup.rootkit-lab.org

Transfert de la sauvegarde en cours vers "backup.rootkit-lab.org"
Le transfert a duré 0m0.383s
Transfert terminé

Envoie d'une demande de CkSum de la part de "backup.rootkit-lab.org"
Demande envoyée

En attente du Cksum de l'hôte "backup.rootkit-lab.org"
Sun 14 Aug 00:04:03 CEST 2016
Reprise du script dans 3 min

Sun 14 Aug 00:07:03 CEST 2016
Reprise du script

Controle des CheckSums :

L'hôte backup.rootkit-lab.org est joignable
Lancement du transfert vers backup.rootkit-lab.org

Transfert de la sauvegarde en cours vers "backup.rootkit-lab.org"
Le transfert a duré 0m0.379s
Transfert terminé

Envoie d'une demande de CkSum de la part de "backup.rootkit-lab.org"
Demande envoyée

En attente du Cksum de l'hôte "backup.rootkit-lab.org"
Sun 14 Aug 00:07:09 CEST 2016
Reprise du script dans 3 min

Sun 14 Aug 00:10:09 CEST 2016
Reprise du script

Controle des CheckSums :

Fin du script /home/backup/SQL_Save.sh

-_-_-_-_-_-_-_-_-_-_-_-_-_-_-_-_-_-_-_-_-_-_-_-_-_-_-_-_-_-_-_-
Sun 14 Aug 06:00:01 CEST 2016

Sauvegarde Journaliere (sauvegarde Incrementiel => Hebdomadaire) :
Les Répertoires sauvegardés sont :
'/home/rootkit/' -> Ok pour Sauvegarde

Eligibilité des dossiers terminée avec succes !
-------------Calcul de Volumetrie-------------
 Il y a un total de 212 Mo à sauvegarder

Sauvegarde en cours
La sauvegarde a duree 0m0.004s
Sauvegarde terminé

Le CheckSum de "Incremental_Backup_August_Week_33_2016_08_14_06H00.tar.gz" a sa création est : 1742819432 45

L'hôte backup.rootkit-lab.org est joignable
Lancement du transfert vers backup.rootkit-lab.org

Transfert de la sauvegarde en cours vers "backup.rootkit-lab.org"
Le transfert a duré 0m0.376s
Transfert terminé

Envoie d'une demande de CkSum de la part de "backup.rootkit-lab.org"
Demande envoyée

En attente du Cksum de l'hôte "backup.rootkit-lab.org"
Sun 14 Aug 06:00:07 CEST 2016
Reprise du script dans 3 min

Sun 14 Aug 06:03:07 CEST 2016
Reprise du script

Controle des CheckSums :

Controle des CheckSums en cours pour "Incremental_Backup_August_Week_33_2016_08_14_06H00.tar.gz"
Les CheckSums de la sauvegarde Journaliere du 14/08/2016 en Local et sur "backup.rootkit-lab.org" sont différents :
Local : 1742819432 45
Remote : 
Merci de relance manuellement la sauvegarde et de vérifier le nouveau CkSum Local (/home/backup/CkSum_Export/Journaliere_2016_08_14_Local.cksum) avec l'ancien (/home/backup/CkSum_Export/Journaliere_2016_08_14_Local-001.cksum)

Fin du script /home/backup/Data_Save.sh

-_-_-_-_-_-_-_-_-_-_-_-_-_-_-_-_-_-_-_-_-_-_-_-_-_-_-_-_-_-_-_-
Mon 15 Aug 06:00:01 CEST 2016

Sauvegarde Hebdomadaire (sauvegarde Full) :

Les Répertoires sauvegardés sont :
'/home/rootkit/' -> Ok pour Sauvegarde

Eligibilité des dossiers terminée avec succes !
-------------Calcul de Volumetrie-------------
 Il y a un total de 212 Mo à sauvegarder

Sauvegarde en cours
La sauvegarde a duree 0m0.004s
Sauvegarde terminé

Le CheckSum de "Full_Backup_August_Week_33.tar.gz" a sa création est : 2433028515 45

L'hôte backup.rootkit-lab.org est joignable
Lancement du transfert vers backup.rootkit-lab.org

Transfert de la sauvegarde en cours vers "backup.rootkit-lab.org"
Le transfert a duré 0m0.472s
Transfert terminé

Envoie d'une demande de CkSum de la part de "backup.rootkit-lab.org"
Demande envoyée

En attente du Cksum de l'hôte "backup.rootkit-lab.org"
Mon 15 Aug 06:00:08 CEST 2016
Reprise du script dans 3 min

Mon 15 Aug 06:03:08 CEST 2016
Reprise du script

Controle des CheckSums :

Controle des CheckSums en cours pour "Full_Backup_August_Week_33.tar.gz"
Les CheckSums de la sauvegarde Hebdomadaire du 15/08/2016 en Local et sur "backup.rootkit-lab.org" sont différents :
Local : 2433028515 45
Remote : 
Merci de relance manuellement la sauvegarde et de vérifier le nouveau CkSum Local (/home/backup/CkSum_Export/Hebdomadaire_2016_08_15_Local.cksum) avec l'ancien (/home/backup/CkSum_Export/Hebdomadaire_2016_08_15_Local-001.cksum)

Fin du script /home/backup/Data_Save.sh

-_-_-_-_-_-_-_-_-_-_-_-_-_-_-_-_-_-_-_-_-_-_-_-_-_-_-_-_-_-_-_-
Tue 16 Aug 06:00:01 CEST 2016

Sauvegarde Journaliere (sauvegarde Incrementiel => Hebdomadaire) :
Les Répertoires sauvegardés sont :
'/home/rootkit/' -> Ok pour Sauvegarde

Eligibilité des dossiers terminée avec succes !
-------------Calcul de Volumetrie-------------
 Il y a un total de 212 Mo à sauvegarder

Sauvegarde en cours
La sauvegarde a duree 0m0.004s
Sauvegarde terminé

Le CheckSum de "Incremental_Backup_August_Week_33_2016_08_16_06H00.tar.gz" a sa création est : 2447509998 45

L'hôte backup.rootkit-lab.org est joignable
Lancement du transfert vers backup.rootkit-lab.org

Transfert de la sauvegarde en cours vers "backup.rootkit-lab.org"
Le transfert a duré 0m0.384s
Transfert terminé

Envoie d'une demande de CkSum de la part de "backup.rootkit-lab.org"
Demande envoyée

En attente du Cksum de l'hôte "backup.rootkit-lab.org"
Tue 16 Aug 06:00:07 CEST 2016
Reprise du script dans 3 min

Tue 16 Aug 06:03:07 CEST 2016
Reprise du script

Controle des CheckSums :

Controle des CheckSums en cours pour "Incremental_Backup_August_Week_33_2016_08_16_06H00.tar.gz"
Les CheckSums de la sauvegarde Journaliere du 16/08/2016 en Local et sur "backup.rootkit-lab.org" sont différents :
Local : 2447509998 45
Remote : 
Merci de relance manuellement la sauvegarde et de vérifier le nouveau CkSum Local (/home/backup/CkSum_Export/Journaliere_2016_08_16_Local.cksum) avec l'ancien (/home/backup/CkSum_Export/Journaliere_2016_08_16_Local-001.cksum)

Fin du script /home/backup/Data_Save.sh

-_-_-_-_-_-_-_-_-_-_-_-_-_-_-_-_-_-_-_-_-_-_-_-_-_-_-_-_-_-_-_-
Wed 17 Aug 06:00:01 CEST 2016

Sauvegarde Journaliere (sauvegarde Incrementiel => Hebdomadaire) :
Les Répertoires sauvegardés sont :
'/home/rootkit/' -> Ok pour Sauvegarde

Eligibilité des dossiers terminée avec succes !
-------------Calcul de Volumetrie-------------
 Il y a un total de 212 Mo à sauvegarder

Sauvegarde en cours
La sauvegarde a duree 0m0.004s
Sauvegarde terminé

Le CheckSum de "Incremental_Backup_August_Week_33_2016_08_17_06H00.tar.gz" a sa création est : 4181756026 45

L'hôte backup.rootkit-lab.org est joignable
Lancement du transfert vers backup.rootkit-lab.org

Transfert de la sauvegarde en cours vers "backup.rootkit-lab.org"
Le transfert a duré 0m0.380s
Transfert terminé

Envoie d'une demande de CkSum de la part de "backup.rootkit-lab.org"
Demande envoyée

En attente du Cksum de l'hôte "backup.rootkit-lab.org"
Wed 17 Aug 06:00:08 CEST 2016
Reprise du script dans 3 min

Wed 17 Aug 06:03:08 CEST 2016
Reprise du script

Controle des CheckSums :

Controle des CheckSums en cours pour "Incremental_Backup_August_Week_33_2016_08_17_06H00.tar.gz"
Les CheckSums de la sauvegarde Journaliere du 17/08/2016 en Local et sur "backup.rootkit-lab.org" sont différents :
Local : 4181756026 45
Remote : 
Merci de relance manuellement la sauvegarde et de vérifier le nouveau CkSum Local (/home/backup/CkSum_Export/Journaliere_2016_08_17_Local.cksum) avec l'ancien (/home/backup/CkSum_Export/Journaliere_2016_08_17_Local-001.cksum)

Fin du script /home/backup/Data_Save.sh
