-_-_-_-_-_-_-_-_-_-_-_-_-_-_-_-_-_-_-_-_-_-_-_-_-_-_-_-_-_-_-_-
Mon 1 Aug 15:01:01 CEST 2016

dump : C9Login
Dump en cour
Le Dump de la base C9Login a dure 0m0.006s
Dump terminé
Dump fini avec succes
Le fichier C9Login_export_2016_08_01_15H01.tar.gz disponible,a cet emplacement /home/backup/Dumps_Export

dump : kanboard
Dump en cour
Le Dump de la base kanboard a dure 0m0.005s
Dump terminé
Dump fini avec succes
Le fichier kanboard_export_2016_08_01_15H01.tar.gz disponible,a cet emplacement /home/backup/Dumps_Export

dump : mysql
Dump en cour
Le Dump de la base mysql a dure 0m0.005s
Dump terminé
Dump fini avec succes
Le fichier mysql_export_2016_08_01_15H01.tar.gz disponible,a cet emplacement /home/backup/Dumps_Export


Fin du script /bin/Sql-Save

-_-_-_-_-_-_-_-_-_-_-_-_-_-_-_-_-_-_-_-_-_-_-_-_-_-_-_-_-_-_-_-
Sun 7 Aug 00:01:01 CEST 2016

dump : C9Login
Dump en cours
Le Dump de la base C9Login a dure 0m0.008s
Dump terminé
Dump fini avec succes
Le fichier C9Login_export_2016_08_07_00H01.tar.gz disponible,a cet emplacement /home/backup/Dumps_Export

dump : kanboard
Dump en cours
Le Dump de la base kanboard a dure 0m0.011s
Dump terminé
Dump fini avec succes
Le fichier kanboard_export_2016_08_07_00H04.tar.gz disponible,a cet emplacement /home/backup/Dumps_Export

dump : mysql
Dump en cours
Le Dump de la base mysql a dure 0m0.010s
Dump terminé
Dump fini avec succes
Le fichier mysql_export_2016_08_07_00H07.tar.gz disponible,a cet emplacement /home/backup/Dumps_Export


Fin du script /home/backup/SQL_Save.sh

-_-_-_-_-_-_-_-_-_-_-_-_-_-_-_-_-_-_-_-_-_-_-_-_-_-_-_-_-_-_-_-
Sun 14 Aug 00:01:01 CEST 2016

dump : C9Login
Dump en cours
Le Dump de la base C9Login a dure 0m0.007s
Dump terminé
Dump fini avec succes
Le fichier C9Login_export_2016_08_14_00H01.tar.gz disponible,a cet emplacement /home/backup/Dumps_Export

dump : kanboard
Dump en cours
Le Dump de la base kanboard a dure 0m0.008s
Dump terminé
Dump fini avec succes
Le fichier kanboard_export_2016_08_14_00H04.tar.gz disponible,a cet emplacement /home/backup/Dumps_Export

dump : mysql
Dump en cours
Le Dump de la base mysql a dure 0m0.010s
Dump terminé
Dump fini avec succes
Le fichier mysql_export_2016_08_14_00H07.tar.gz disponible,a cet emplacement /home/backup/Dumps_Export


Fin du script /home/backup/SQL_Save.sh
