
-_-_-_-_-_-_-_-_-_-_-_-_-_-_-_-_-_-_-_-_-_-_-_-_-_-_-_-_-_-_-_-
Wed 17 Aug 15:29:22 CEST 2016

Sauvegarde Journaliere (sauvegarde Incrementiel => Hebdomadaire) :
Les Répertoires sauvegardés sont :
'/home/rootkit/' -> Ok pour Sauvegarde

Eligibilité des dossiers terminée avec succes !
-------------Calcul de Volumetrie-------------
 Il y a un total de 213 Mo à sauvegarder

Sauvegarde en cours
La sauvegarde a duree 0m0.005s
Sauvegarde terminé

Le CheckSum de "Incremental_Backup_August_Week_33_2016_08_17_15H29.tar.gz" a sa création est : 373396377 45

L'hôte backup.rootkit-lab.org est joignable
Lancement du transfert vers backup.rootkit-lab.org

Transfert de la sauvegarde en cours vers "backup.rootkit-lab.org"
Le transfert a duré 0m0.365s
Transfert terminé

Création d'une demande de CkSum
Demande de CkSum créée

Envoie d'une demande de CkSum de la part de "backup.rootkit-lab.org"
Demande envoyée

Suppresion de le demande de CkSum
Demande de CkSum supprimée

En attente du Cksum de l'hôte "backup.rootkit-lab.org"
Wed 17 Aug 15:29:28 CEST 2016
Reprise du script dans 3 min

Wed 17 Aug 15:32:28 CEST 2016
Reprise du script

Controle des CheckSums :

Controle des CheckSums en cours pour "Incremental_Backup_August_Week_33_2016_08_17_15H29.tar.gz"
Les CheckSums de la sauvegarde Journaliere du 17/08/2016 en Local et sur "backup.rootkit-lab.org" sont différents :
Local : 373396377 45
Remote : 
Merci de relance manuellement la sauvegarde et de vérifier le nouveau CkSum Local (/home/backup/CkSum_Export/Journaliere_2016_08_17_Local.cksum) avec l'ancien (/home/backup/CkSum_Export/Journaliere_2016_08_17_Local-001.cksum)

Fin du script /bin/Data-Save

-_-_-_-_-_-_-_-_-_-_-_-_-_-_-_-_-_-_-_-_-_-_-_-_-_-_-_-_-_-_-_-
Wed 17 Aug 15:34:45 CEST 2016

Sauvegarde Journaliere (sauvegarde Incrementiel => Hebdomadaire) :
Les Répertoires sauvegardés sont :
'/home/rootkit/' -> Ok pour Sauvegarde

Eligibilité des dossiers terminée avec succes !
-------------Calcul de Volumetrie-------------
 Il y a un total de 213 Mo à sauvegarder

Sauvegarde en cours
La sauvegarde a duree 0m0.005s
Sauvegarde terminé

Le CheckSum de "Incremental_Backup_August_Week_33_2016_08_17_15H34.tar.gz" a sa création est : 1420410169 45

L'hôte backup.rootkit-lab.org est joignable
Lancement du transfert vers backup.rootkit-lab.org

Transfert de la sauvegarde en cours vers "backup.rootkit-lab.org"
Le transfert a duré 0m0.356s
Transfert terminé

Création d'une demande de CkSum
Demande de CkSum créée

Envoie d'une demande de CkSum de la part de "backup.rootkit-lab.org"
Demande envoyée

Suppresion de la demande de CkSum
Demande de CkSum supprimée

En attente du Cksum de l'hôte "backup.rootkit-lab.org"
Wed 17 Aug 15:34:51 CEST 2016
Reprise du script dans 3 min

Wed 17 Aug 15:37:51 CEST 2016
Reprise du script

Controle des CheckSums :

Controle des CheckSums en cours pour "Incremental_Backup_August_Week_33_2016_08_17_15H34.tar.gz"
Les CheckSums de la sauvegarde Journaliere du 17/08/2016 en Local et sur "backup.rootkit-lab.org" sont différents :
Local : 1420410169 45
Remote : 
Merci de relance manuellement la sauvegarde et de vérifier le nouveau CkSum Local (/home/backup/CkSum_Export/Journaliere_2016_08_17_Local.cksum) avec l'ancien (/home/backup/CkSum_Export/Journaliere_2016_08_17_Local-001.cksum)

Fin du script /bin/Data-Save

-_-_-_-_-_-_-_-_-_-_-_-_-_-_-_-_-_-_-_-_-_-_-_-_-_-_-_-_-_-_-_-
Wed 17 Aug 15:52:57 CEST 2016

Sauvegarde Journaliere (sauvegarde Incrementiel => Hebdomadaire) :
Les Répertoires sauvegardés sont :
'/home/rootkit/' -> Ok pour Sauvegarde

Eligibilité des dossiers terminée avec succes !
-------------Calcul de Volumetrie-------------
 Il y a un total de 213 Mo à sauvegarder

Sauvegarde en cours
La sauvegarde a duree 0m0.005s
Sauvegarde terminé

Le CheckSum de "Incremental_Backup_August_Week_33_2016_08_17_15H52.tar.gz" a sa création est : 2566526760 45

L'hôte backup.rootkit-lab.org est joignable
Lancement du transfert vers backup.rootkit-lab.org

Transfert de la sauvegarde en cours vers "backup.rootkit-lab.org"
Le transfert a duré 0m0.367s
Transfert terminé

Création d'une demande de CkSum
Demande de CkSum créée

Envoie d'une demande de CkSum de la part de "backup.rootkit-lab.org"
Demande envoyée

Suppresion de la demande de CkSum
Demande de CkSum supprimée

En attente du Cksum de l'hôte "backup.rootkit-lab.org"
Wed 17 Aug 15:52:58 CEST 2016
Reprise du script dans 3 min

Wed 17 Aug 15:55:58 CEST 2016
Reprise du script

Controle des CheckSums :

Controle des CheckSums en cours pour "Incremental_Backup_August_Week_33_2016_08_17_15H52.tar.gz"
Les CheckSums de la sauvegarde Journaliere du 17/08/2016 en Local et sur "backup.rootkit-lab.org" sont différents :
Local : 2566526760 45
Remote : 
Merci de relance manuellement la sauvegarde et de vérifier le nouveau CkSum Local (/home/backup/CkSum_Export/Journaliere_2016_08_17_Local.cksum) avec l'ancien (/home/backup/CkSum_Export/Journaliere_2016_08_17_Local-001.cksum)

Fin du script /bin/Data-Save

-_-_-_-_-_-_-_-_-_-_-_-_-_-_-_-_-_-_-_-_-_-_-_-_-_-_-_-_-_-_-_-
Wed 17 Aug 17:48:32 CEST 2016

Sauvegarde Journaliere (sauvegarde Incrementiel => Hebdomadaire) :
Les Répertoires sauvegardés sont :
'/home/rootkit/' -> Ok pour Sauvegarde

Eligibilité des dossiers terminée avec succes !
-------------Calcul de Volumetrie-------------
 Il y a un total de 213 Mo à sauvegarder

Sauvegarde en cours
La sauvegarde a duree 0m0.005s
Sauvegarde terminé

Le CheckSum de "Incremental_Backup_August_Week_33_2016_08_17_17H48.tar.gz" a sa création est : 4267806162 45

L'hôte backup.rootkit-lab.org est joignable
Lancement du transfert vers backup.rootkit-lab.org

Transfert de la sauvegarde en cours vers "backup.rootkit-lab.org"
Le transfert a duré 0m0.351s
Transfert terminé

Création d'une demande de CkSum
Demande de CkSum créée

Envoie d'une demande de CkSum de la part de "backup.rootkit-lab.org"
Demande envoyée

Suppresion de la demande de CkSum
Demande de CkSum supprimée

En attente du Cksum de l'hôte "backup.rootkit-lab.org"
Wed 17 Aug 17:48:38 CEST 2016
Reprise du script dans 3 min

Wed 17 Aug 17:51:38 CEST 2016
Reprise du script

Controle des CheckSums :

Controle des CheckSums en cours pour "Incremental_Backup_August_Week_33_2016_08_17_17H48.tar.gz"
Les CheckSums de la sauvegarde Journaliere du 17/08/2016 en Local et sur "backup.rootkit-lab.org" sont identitiques :
Local  : 4267806162 45
Remote : 4267806162 45
Suppression des fichiers .cksum
Fichiers .cksum supprimés

Suppression du fichier de sauvaegarde local (Incremental_Backup_August_Week_33_2016_08_17_17H48.tar.gz)
Fichier local (Incremental_Backup_August_Week_33_2016_08_17_17H48.tar.gz) supprimé

Fin du script /bin/Data-Save

-_-_-_-_-_-_-_-_-_-_-_-_-_-_-_-_-_-_-_-_-_-_-_-_-_-_-_-_-_-_-_-
Thu 18 Aug 06:00:01 CEST 2016

Sauvegarde Journaliere (sauvegarde Incrementiel => Hebdomadaire) :
Les Répertoires sauvegardés sont :
'/home/rootkit/' -> Ok pour Sauvegarde

Eligibilité des dossiers terminée avec succes !
-------------Calcul de Volumetrie-------------
 Il y a un total de 213 Mo à sauvegarder

Sauvegarde en cours
La sauvegarde a duree 0m0.004s
Sauvegarde terminé

Le CheckSum de "Incremental_Backup_August_Week_33_2016_08_18_06H00.tar.gz" a sa création est : 1556213302 45

L'hôte backup.rootkit-lab.org est joignable
Lancement du transfert vers backup.rootkit-lab.org

Transfert de la sauvegarde en cours vers "backup.rootkit-lab.org"
Le transfert a duré 0m0.385s
Transfert terminé

Création d'une demande de CkSum
Demande de CkSum créée

Envoie d'une demande de CkSum de la part de "backup.rootkit-lab.org"
Demande envoyée

Suppresion de la demande de CkSum
Demande de CkSum supprimée

En attente du Cksum de l'hôte "backup.rootkit-lab.org"
Thu 18 Aug 06:00:07 CEST 2016
Reprise du script dans 3 min

Thu 18 Aug 06:03:07 CEST 2016
Reprise du script

Controle des CheckSums :

Controle des CheckSums en cours pour "Incremental_Backup_August_Week_33_2016_08_18_06H00.tar.gz"
Les CheckSums de la sauvegarde Journaliere du 18/08/2016 en Local et sur "backup.rootkit-lab.org" sont différents :
Local : 1556213302 45
Remote : 
Merci de relance manuellement la sauvegarde et de vérifier le nouveau CkSum Local (/home/backup/CkSum_Export/Journaliere_2016_08_18_Local.cksum) avec l'ancien (/home/backup/CkSum_Export/Journaliere_2016_08_18_Local-001.cksum)

Fin du script /home/backup/Data_Save.sh

-_-_-_-_-_-_-_-_-_-_-_-_-_-_-_-_-_-_-_-_-_-_-_-_-_-_-_-_-_-_-_-
Fri 19 Aug 06:00:01 CEST 2016

Sauvegarde Journaliere (sauvegarde Incrementiel => Hebdomadaire) :
Les Répertoires sauvegardés sont :
'/home/rootkit/' -> Ok pour Sauvegarde

Eligibilité des dossiers terminée avec succes !
-------------Calcul de Volumetrie-------------
 Il y a un total de 213 Mo à sauvegarder

Sauvegarde en cours
La sauvegarde a duree 0m0.004s
Sauvegarde terminé

Le CheckSum de "Incremental_Backup_August_Week_33_2016_08_19_06H00.tar.gz" a sa création est : 124457517 45

L'hôte backup.rootkit-lab.org est joignable
Lancement du transfert vers backup.rootkit-lab.org

Transfert de la sauvegarde en cours vers "backup.rootkit-lab.org"
Le transfert a duré 0m0.391s
Transfert terminé

Création d'une demande de CkSum
Demande de CkSum créée

Envoie d'une demande de CkSum de la part de "backup.rootkit-lab.org"
Demande envoyée

Suppresion de la demande de CkSum
Demande de CkSum supprimée

En attente du Cksum de l'hôte "backup.rootkit-lab.org"
Fri 19 Aug 06:00:07 CEST 2016
Reprise du script dans 3 min

Fri 19 Aug 06:03:07 CEST 2016
Reprise du script

Controle des CheckSums :

Controle des CheckSums en cours pour "Incremental_Backup_August_Week_33_2016_08_19_06H00.tar.gz"
Les CheckSums de la sauvegarde Journaliere du 19/08/2016 en Local et sur "backup.rootkit-lab.org" sont différents :
Local : 124457517 45
Remote : 
Merci de relance manuellement la sauvegarde et de vérifier le nouveau CkSum Local (/home/backup/CkSum_Export/Journaliere_2016_08_19_Local.cksum) avec l'ancien (/home/backup/CkSum_Export/Journaliere_2016_08_19_Local-001.cksum)

Fin du script /home/backup/Data_Save.sh
